[1124/153637.039:ERROR:process_memory_win.cc(73)] ReadMemory at 0x7ff7fe730000 of 64 bytes failed: Only part of a ReadProcessMemory or WriteProcessMemory request was completed. (0x12B)
[1124/153637.040:WARNING:pe_image_reader.cc(340)] could not read dos header from C:\Program Files (x86)\Google\Chrome\Application\chrome.exe
[1124/153637.041:ERROR:process_memory_win.cc(73)] ReadMemory at 0x7ff8bc180000 of 64 bytes failed: Only part of a ReadProcessMemory or WriteProcessMemory request was completed. (0x12B)
[1124/153637.041:WARNING:pe_image_reader.cc(340)] could not read dos header from C:\WINDOWS\SYSTEM32\ntdll.dll
[1124/153637.041:ERROR:process_memory_win.cc(73)] ReadMemory at 0x7ff8ba230000 of 64 bytes failed: Only part of a ReadProcessMemory or WriteProcessMemory request was completed. (0x12B)
[1124/153637.041:WARNING:pe_image_reader.cc(340)] could not read dos header from C:\WINDOWS\System32\KERNEL32.dll
[1124/153637.041:ERROR:process_memory_win.cc(73)] ReadMemory at 0x7ff8b9e80000 of 64 bytes failed: Only part of a ReadProcessMemory or WriteProcessMemory request was completed. (0x12B)
[1124/153637.041:WARNING:pe_image_reader.cc(340)] could not read dos header from C:\WINDOWS\System32\KERNELBASE.dll
[1124/153637.042:ERROR:process_memory_win.cc(73)] ReadMemory at 0x7ff84d120000 of 64 bytes failed: Only part of a ReadProcessMemory or WriteProcessMemory request was completed. (0x12B)
[1124/153637.042:WARNING:pe_image_reader.cc(340)] could not read dos header from C:\Program Files (x86)\Google\Chrome\Application\86.0.4240.198\chrome_elf.dll
[1124/153637.042:ERROR:process_memory_win.cc(73)] ReadMemory at 0x7ff8b6b30000 of 64 bytes failed: Only part of a ReadProcessMemory or WriteProcessMemory request was completed. (0x12B)
[1124/153637.042:WARNING:pe_image_reader.cc(340)] could not read dos header from C:\WINDOWS\SYSTEM32\VERSION.dll
[1124/153637.042:ERROR:process_memory_win.cc(73)] ReadMemory at 0x7ff8bb2b0000 of 64 bytes failed: Only part of a ReadProcessMemory or WriteProcessMemory request was completed. (0x12B)
[1124/153637.042:WARNING:pe_image_reader.cc(340)] could not read dos header from C:\WINDOWS\System32\msvcrt.dll
[1124/153637.042:ERROR:process_memory_win.cc(73)] ReadMemory at 0x7ff8b9ae0000 of 64 bytes failed: Only part of a ReadProcessMemory or WriteProcessMemory request was completed. (0x12B)
[1124/153637.042:WARNING:pe_image_reader.cc(340)] could not read dos header from C:\WINDOWS\System32\bcryptPrimitives.dll
[1124/153637.042:ERROR:process_memory_win.cc(73)] ReadMemory at 0x7ff8bbdc0000 of 64 bytes failed: Only part of a ReadProcessMemory or WriteProcessMemory request was completed. (0x12B)
[1124/153637.042:WARNING:pe_image_reader.cc(340)] could not read dos header from C:\WINDOWS\System32\ADVAPI32.dll
[1124/153637.042:ERROR:process_memory_win.cc(73)] ReadMemory at 0x7ff8bbcf0000 of 64 bytes failed: Only part of a ReadProcessMemory or WriteProcessMemory request was completed. (0x12B)
[1124/153637.042:WARNING:pe_image_reader.cc(340)] could not read dos header from C:\WINDOWS\System32\sechost.dll
[1124/153637.042:ERROR:process_memory_win.cc(73)] ReadMemory at 0x7ff8ba3d0000 of 64 bytes failed: Only part of a ReadProcessMemory or WriteProcessMemory request was completed. (0x12B)
[1124/153637.042:WARNING:pe_image_reader.cc(340)] could not read dos header from C:\WINDOWS\System32\RPCRT4.dll
[1124/153637.042:ERROR:process_memory_win.cc(73)] ReadMemory at 0x7ff811910000 of 64 bytes failed: Only part of a ReadProcessMemory or WriteProcessMemory request was completed. (0x12B)
[1124/153637.042:WARNING:pe_image_reader.cc(340)] could not read dos header from C:\Program Files (x86)\Google\Chrome\Application\86.0.4240.198\chrome.dll
[1124/153637.042:ERROR:process_memory_win.cc(73)] ReadMemory at 0x7ff8bbe70000 of 64 bytes failed: Only part of a ReadProcessMemory or WriteProcessMemory request was completed. (0x12B)
[1124/153637.043:WARNING:pe_image_reader.cc(340)] could not read dos header from C:\WINDOWS\System32\WS2_32.dll
[1124/153637.043:ERROR:process_memory_win.cc(73)] ReadMemory at 0x7ff8ba4f0000 of 64 bytes failed: Only part of a ReadProcessMemory or WriteProcessMemory request was completed. (0x12B)
[1124/153637.043:WARNING:pe_image_reader.cc(340)] could not read dos header from C:\WINDOWS\System32\OLEAUT32.dll
[1124/153637.043:ERROR:process_memory_win.cc(73)] ReadMemory at 0x7ff8b9b60000 of 64 bytes failed: Only part of a ReadProcessMemory or WriteProcessMemory request was completed. (0x12B)
[1124/153637.043:WARNING:pe_image_reader.cc(340)] could not read dos header from C:\WINDOWS\System32\msvcp_win.dll
[1124/153637.043:ERROR:process_memory_win.cc(73)] ReadMemory at 0x7ff8ba130000 of 64 bytes failed: Only part of a ReadProcessMemory or WriteProcessMemory request was completed. (0x12B)
[1124/153637.043:WARNING:pe_image_reader.cc(340)] could not read dos header from C:\WINDOWS\System32\ucrtbase.dll
[1124/153637.043:ERROR:process_memory_win.cc(73)] ReadMemory at 0x7ff8bb550000 of 64 bytes failed: Only part of a ReadProcessMemory or WriteProcessMemory request was completed. (0x12B)
[1124/153637.043:WARNING:pe_image_reader.cc(340)] could not read dos header from C:\WINDOWS\System32\combase.dll
[1124/153637.043:ERROR:process_memory_win.cc(73)] ReadMemory at 0x7ff8b9160000 of 64 bytes failed: Only part of a ReadProcessMemory or WriteProcessMemory request was completed. (0x12B)
[1124/153637.043:WARNING:pe_image_reader.cc(340)] could not read dos header from C:\WINDOWS\System32\WINTRUST.dll
[1124/153637.043:ERROR:process_memory_win.cc(73)] ReadMemory at 0x7ff8b90f0000 of 64 bytes failed: Only part of a ReadProcessMemory or WriteProcessMemory request was completed. (0x12B)
[1124/153637.043:WARNING:pe_image_reader.cc(340)] could not read dos header from C:\WINDOWS\System32\MSASN1.dll
[1124/153637.043:ERROR:process_memory_win.cc(73)] ReadMemory at 0x7ff8b9d30000 of 64 bytes failed: Only part of a ReadProcessMemory or WriteProcessMemory request was completed. (0x12B)
[1124/153637.043:WARNING:pe_image_reader.cc(340)] could not read dos header from C:\WINDOWS\System32\CRYPT32.dll
[1124/153637.043:ERROR:process_memory_win.cc(73)] ReadMemory at 0x7ff8b8b60000 of 64 bytes failed: Only part of a ReadProcessMemory or WriteProcessMemory request was completed. (0x12B)
[1124/153637.043:WARNING:pe_image_reader.cc(340)] could not read dos header from C:\WINDOWS\SYSTEM32\dbghelp.dll
[1124/153637.043:ERROR:process_memory_win.cc(73)] ReadMemory at 0x7ff8b7f40000 of 64 bytes failed: Only part of a ReadProcessMemory or WriteProcessMemory request was completed. (0x12B)
[1124/153637.043:WARNING:pe_image_reader.cc(340)] could not read dos header from C:\WINDOWS\SYSTEM32\IPHLPAPI.DLL
[1124/153637.043:ERROR:process_memory_win.cc(73)] ReadMemory at 0x7ff8b7930000 of 64 bytes failed: Only part of a ReadProcessMemory or WriteProcessMemory request was completed. (0x12B)
[1124/153637.044:WARNING:pe_image_reader.cc(340)] could not read dos header from C:\WINDOWS\SYSTEM32\WINMM.dll
[1124/153637.044:ERROR:process_memory_win.cc(73)] ReadMemory at 0x7ff876f90000 of 64 bytes failed: Only part of a ReadProcessMemory or WriteProcessMemory request was completed. (0x12B)
[1124/153637.044:WARNING:pe_image_reader.cc(340)] could not read dos header from C:\WINDOWS\SYSTEM32\UIAutomationCore.DLL
[1124/153637.044:ERROR:process_memory_win.cc(73)] ReadMemory at 0x7ff89e6a0000 of 64 bytes failed: Only part of a ReadProcessMemory or WriteProcessMemory request was completed. (0x12B)
[1124/153637.044:WARNING:pe_image_reader.cc(340)] could not read dos header from C:\WINDOWS\SYSTEM32\Secur32.dll
[1124/153637.044:ERROR:process_memory_win.cc(73)] ReadMemory at 0x7ff8b8f60000 of 64 bytes failed: Only part of a ReadProcessMemory or WriteProcessMemory request was completed. (0x12B)
[1124/153637.044:WARNING:pe_image_reader.cc(340)] could not read dos header from C:\WINDOWS\SYSTEM32\USERENV.dll
[1124/153637.044:ERROR:process_memory_win.cc(73)] ReadMemory at 0x7ff8b90a0000 of 64 bytes failed: Only part of a ReadProcessMemory or WriteProcessMemory request was completed. (0x12B)
[1124/153637.044:WARNING:pe_image_reader.cc(340)] could not read dos header from C:\WINDOWS\System32\profapi.dll
[1124/153637.044:ERROR:process_memory_win.cc(73)] ReadMemory at 0x7ff8a4af0000 of 64 bytes failed: Only part of a ReadProcessMemory or WriteProcessMemory request was completed. (0x12B)
[1124/153637.044:WARNING:pe_image_reader.cc(340)] could not read dos header from C:\WINDOWS\SYSTEM32\DWrite.dll
[1124/153637.044:ERROR:process_memory_win.cc(73)] ReadMemory at 0x7ff8a0780000 of 64 bytes failed: Only part of a ReadProcessMemory or WriteProcessMemory request was completed. (0x12B)
[1124/153637.044:WARNING:pe_image_reader.cc(340)] could not read dos header from C:\WINDOWS\SYSTEM32\WINSPOOL.DRV
[1124/153637.044:ERROR:process_memory_win.cc(73)] ReadMemory at 0x7ff8b90d0000 of 64 bytes failed: Only part of a ReadProcessMemory or WriteProcessMemory request was completed. (0x12B)
[1124/153637.044:WARNING:pe_image_reader.cc(340)] could not read dos header from C:\WINDOWS\System32\kernel.appcore.dll
[1124/153637.045:ERROR:process_memory_win.cc(73)] ReadMemory at 0x7ff8b9c50000 of 64 bytes failed: Only part of a ReadProcessMemory or WriteProcessMemory request was completed. (0x12B)
[1124/153637.045:WARNING:pe_image_reader.cc(340)] could not read dos header from C:\WINDOWS\System32\bcrypt.dll
[1124/153637.045:ERROR:process_memory_win.cc(73)] ReadMemory at 0x7ff8b86e0000 of 64 bytes failed: Only part of a ReadProcessMemory or WriteProcessMemory request was completed. (0x12B)
[1124/153637.045:WARNING:pe_image_reader.cc(340)] could not read dos header from C:\WINDOWS\SYSTEM32\WINHTTP.dll
[1124/153637.045:ERROR:process_memory_win.cc(73)] ReadMemory at 0x7ff8af8e0000 of 64 bytes failed: Only part of a ReadProcessMemory or WriteProcessMemory request was completed. (0x12B)
[1124/153637.045:WARNING:pe_image_reader.cc(340)] could not read dos header from C:\WINDOWS\SYSTEM32\dhcpcsvc.DLL
[1124/153637.045:ERROR:process_memory_win.cc(73)] ReadMemory at 0x7ff8bb890000 of 64 bytes failed: Only part of a ReadProcessMemory or WriteProcessMemory request was completed. (0x12B)
[1124/153637.045:WARNING:pe_image_reader.cc(340)] could not read dos header from C:\WINDOWS\System32\NSI.dll
[1124/153637.045:ERROR:process_memory_win.cc(73)] ReadMemory at 0x7ff8b7900000 of 64 bytes failed: Only part of a ReadProcessMemory or WriteProcessMemory request was completed. (0x12B)
[1124/153637.045:WARNING:pe_image_reader.cc(340)] could not read dos header from C:\WINDOWS\SYSTEM32\WINMMBASE.dll
[1124/153637.045:ERROR:process_memory_win.cc(73)] ReadMemory at 0x7ff8b9c00000 of 64 bytes failed: Only part of a ReadProcessMemory or WriteProcessMemory request was completed. (0x12B)
[1124/153637.045:WARNING:pe_image_reader.cc(340)] could not read dos header from C:\WINDOWS\System32\cfgmgr32.dll
[1124/153637.045:ERROR:process_memory_win.cc(73)] ReadMemory at 0x7ff8b62d0000 of 64 bytes failed: Only part of a ReadProcessMemory or WriteProcessMemory request was completed. (0x12B)
[1124/153637.045:WARNING:pe_image_reader.cc(340)] could not read dos header from C:\WINDOWS\SYSTEM32\PROPSYS.dll
[1124/153637.045:ERROR:process_memory_win.cc(73)] ReadMemory at 0x7ff8ba690000 of 64 bytes failed: Only part of a ReadProcessMemory or WriteProcessMemory request was completed. (0x12B)
[1124/153637.045:WARNING:pe_image_reader.cc(340)] could not read dos header from C:\WINDOWS\System32\shcore.dll
[1124/153637.045:ERROR:process_memory_win.cc(73)] ReadMemory at 0x7ff8b8f30000 of 64 bytes failed: Only part of a ReadProcessMemory or WriteProcessMemory request was completed. (0x12B)
[1124/153637.045:WARNING:pe_image_reader.cc(340)] could not read dos header from C:\WINDOWS\SYSTEM32\SSPICLI.DLL
[1124/153637.045:ERROR:process_memory_win.cc(73)] ReadMemory at 0x7ff8bb3f0000 of 64 bytes failed: Only part of a ReadProcessMemory or WriteProcessMemory request was completed. (0x12B)
[1124/153637.045:WARNING:pe_image_reader.cc(340)] could not read dos header from C:\WINDOWS\System32\ole32.dll
[1124/153637.045:ERROR:process_memory_win.cc(73)] ReadMemory at 0x7ff8bb3c0000 of 64 bytes failed: Only part of a ReadProcessMemory or WriteProcessMemory request was completed. (0x12B)
[1124/153637.045:WARNING:pe_image_reader.cc(340)] could not read dos header from C:\WINDOWS\System32\GDI32.dll
[1124/153637.045:ERROR:process_memory_win.cc(73)] ReadMemory at 0x7ff8b9110000 of 64 bytes failed: Only part of a ReadProcessMemory or WriteProcessMemory request was completed. (0x12B)
[1124/153637.045:WARNING:pe_image_reader.cc(340)] could not read dos header from C:\WINDOWS\System32\win32u.dll
[1124/153637.045:ERROR:process_memory_win.cc(73)] ReadMemory at 0x7ff8b9940000 of 64 bytes failed: Only part of a ReadProcessMemory or WriteProcessMemory request was completed. (0x12B)
[1124/153637.045:WARNING:pe_image_reader.cc(340)] could not read dos header from C:\WINDOWS\System32\gdi32full.dll
[1124/153637.045:ERROR:process_memory_win.cc(73)] ReadMemory at 0x7ff8bbb50000 of 64 bytes failed: Only part of a ReadProcessMemory or WriteProcessMemory request was completed. (0x12B)
[1124/153637.045:WARNING:pe_image_reader.cc(340)] could not read dos header from C:\WINDOWS\System32\USER32.dll
[1124/153637.045:ERROR:process_memory_win.cc(73)] ReadMemory at 0x23cdc3f0000 of 64 bytes failed: Only part of a ReadProcessMemory or WriteProcessMemory request was completed. (0x12B)
[1124/153637.045:WARNING:pe_image_reader.cc(340)] could not read dos header from C:\WINDOWS\System32\IMM32.DLL
[1124/153637.045:ERROR:process_memory_win.cc(73)] ReadMemory at 0x7ff8b8400000 of 64 bytes failed: Only part of a ReadProcessMemory or WriteProcessMemory request was completed. (0x12B)
[1124/153637.047:WARNING:pe_image_reader.cc(340)] could not read dos header from C:\WINDOWS\SYSTEM32\CRYPTBASE.DLL
[1124/153637.057:ERROR:process_memory_win.cc(73)] ReadMemory at 0x7ff7fe730000 of 64 bytes failed: Only part of a ReadProcessMemory or WriteProcessMemory request was completed. (0x12B)
[1124/153637.058:WARNING:pe_image_reader.cc(340)] could not read dos header from C:\Program Files (x86)\Google\Chrome\Application\chrome.exe
[1124/153637.058:ERROR:process_memory_win.cc(73)] ReadMemory at 0x7ff8bc180000 of 64 bytes failed: Only part of a ReadProcessMemory or WriteProcessMemory request was completed. (0x12B)
[1124/153637.058:WARNING:pe_image_reader.cc(340)] could not read dos header from C:\WINDOWS\SYSTEM32\ntdll.dll
[1124/153637.058:ERROR:process_memory_win.cc(73)] ReadMemory at 0x7ff8ba230000 of 64 bytes failed: Only part of a ReadProcessMemory or WriteProcessMemory request was completed. (0x12B)
[1124/153637.058:WARNING:pe_image_reader.cc(340)] could not read dos header from C:\WINDOWS\System32\KERNEL32.dll
[1124/153637.058:ERROR:process_memory_win.cc(73)] ReadMemory at 0x7ff8b9e80000 of 64 bytes failed: Only part of a ReadProcessMemory or WriteProcessMemory request was completed. (0x12B)
[1124/153637.058:WARNING:pe_image_reader.cc(340)] could not read dos header from C:\WINDOWS\System32\KERNELBASE.dll
[1124/153637.058:ERROR:process_memory_win.cc(73)] ReadMemory at 0x7ff84d120000 of 64 bytes failed: Only part of a ReadProcessMemory or WriteProcessMemory request was completed. (0x12B)
[1124/153637.058:WARNING:pe_image_reader.cc(340)] could not read dos header from C:\Program Files (x86)\Google\Chrome\Application\86.0.4240.198\chrome_elf.dll
[1124/153637.058:ERROR:process_memory_win.cc(73)] ReadMemory at 0x7ff8b6b30000 of 64 bytes failed: Only part of a ReadProcessMemory or WriteProcessMemory request was completed. (0x12B)
[1124/153637.058:WARNING:pe_image_reader.cc(340)] could not read dos header from C:\WINDOWS\SYSTEM32\VERSION.dll
[1124/153637.058:ERROR:process_memory_win.cc(73)] ReadMemory at 0x7ff8bb2b0000 of 64 bytes failed: Only part of a ReadProcessMemory or WriteProcessMemory request was completed. (0x12B)
[1124/153637.058:WARNING:pe_image_reader.cc(340)] could not read dos header from C:\WINDOWS\System32\msvcrt.dll
[1124/153637.058:ERROR:process_memory_win.cc(73)] ReadMemory at 0x7ff8b9ae0000 of 64 bytes failed: Only part of a ReadProcessMemory or WriteProcessMemory request was completed. (0x12B)
[1124/153637.058:WARNING:pe_image_reader.cc(340)] could not read dos header from C:\WINDOWS\System32\bcryptPrimitives.dll
[1124/153637.058:ERROR:process_memory_win.cc(73)] ReadMemory at 0x7ff8bbdc0000 of 64 bytes failed: Only part of a ReadProcessMemory or WriteProcessMemory request was completed. (0x12B)
[1124/153637.059:WARNING:pe_image_reader.cc(340)] could not read dos header from C:\WINDOWS\System32\ADVAPI32.dll
[1124/153637.059:ERROR:process_memory_win.cc(73)] ReadMemory at 0x7ff8bbcf0000 of 64 bytes failed: Only part of a ReadProcessMemory or WriteProcessMemory request was completed. (0x12B)
[1124/153637.059:WARNING:pe_image_reader.cc(340)] could not read dos header from C:\WINDOWS\System32\sechost.dll
[1124/153637.059:ERROR:process_memory_win.cc(73)] ReadMemory at 0x7ff8ba3d0000 of 64 bytes failed: Only part of a ReadProcessMemory or WriteProcessMemory request was completed. (0x12B)
[1124/153637.059:WARNING:pe_image_reader.cc(340)] could not read dos header from C:\WINDOWS\System32\RPCRT4.dll
[1124/153637.059:ERROR:process_memory_win.cc(73)] ReadMemory at 0x7ff811910000 of 64 bytes failed: Only part of a ReadProcessMemory or WriteProcessMemory request was completed. (0x12B)
[1124/153637.059:WARNING:pe_image_reader.cc(340)] could not read dos header from C:\Program Files (x86)\Google\Chrome\Application\86.0.4240.198\chrome.dll
[1124/153637.059:ERROR:process_memory_win.cc(73)] ReadMemory at 0x7ff8bbe70000 of 64 bytes failed: Only part of a ReadProcessMemory or WriteProcessMemory request was completed. (0x12B)
[1124/153637.059:WARNING:pe_image_reader.cc(340)] could not read dos header from C:\WINDOWS\System32\WS2_32.dll
[1124/153637.059:ERROR:process_memory_win.cc(73)] ReadMemory at 0x7ff8ba4f0000 of 64 bytes failed: Only part of a ReadProcessMemory or WriteProcessMemory request was completed. (0x12B)
[1124/153637.059:WARNING:pe_image_reader.cc(340)] could not read dos header from C:\WINDOWS\System32\OLEAUT32.dll
[1124/153637.059:ERROR:process_memory_win.cc(73)] ReadMemory at 0x7ff8b9b60000 of 64 bytes failed: Only part of a ReadProcessMemory or WriteProcessMemory request was completed. (0x12B)
[1124/153637.060:WARNING:pe_image_reader.cc(340)] could not read dos header from C:\WINDOWS\System32\msvcp_win.dll
[1124/153637.060:ERROR:process_memory_win.cc(73)] ReadMemory at 0x7ff8ba130000 of 64 bytes failed: Only part of a ReadProcessMemory or WriteProcessMemory request was completed. (0x12B)
[1124/153637.060:WARNING:pe_image_reader.cc(340)] could not read dos header from C:\WINDOWS\System32\ucrtbase.dll
[1124/153637.060:ERROR:process_memory_win.cc(73)] ReadMemory at 0x7ff8bb550000 of 64 bytes failed: Only part of a ReadProcessMemory or WriteProcessMemory request was completed. (0x12B)
[1124/153637.060:WARNING:pe_image_reader.cc(340)] could not read dos header from C:\WINDOWS\System32\combase.dll
[1124/153637.060:ERROR:process_memory_win.cc(73)] ReadMemory at 0x7ff8b9160000 of 64 bytes failed: Only part of a ReadProcessMemory or WriteProcessMemory request was completed. (0x12B)
[1124/153637.060:WARNING:pe_image_reader.cc(340)] could not read dos header from C:\WINDOWS\System32\WINTRUST.dll
[1124/153637.060:ERROR:process_memory_win.cc(73)] ReadMemory at 0x7ff8b90f0000 of 64 bytes failed: Only part of a ReadProcessMemory or WriteProcessMemory request was completed. (0x12B)
[1124/153637.060:WARNING:pe_image_reader.cc(340)] could not read dos header from C:\WINDOWS\System32\MSASN1.dll
[1124/153637.060:ERROR:process_memory_win.cc(73)] ReadMemory at 0x7ff8b9d30000 of 64 bytes failed: Only part of a ReadProcessMemory or WriteProcessMemory request was completed. (0x12B)
[1124/153637.060:WARNING:pe_image_reader.cc(340)] could not read dos header from C:\WINDOWS\System32\CRYPT32.dll
[1124/153637.060:ERROR:process_memory_win.cc(73)] ReadMemory at 0x7ff8b8b60000 of 64 bytes failed: Only part of a ReadProcessMemory or WriteProcessMemory request was completed. (0x12B)
[1124/153637.060:WARNING:pe_image_reader.cc(340)] could not read dos header from C:\WINDOWS\SYSTEM32\dbghelp.dll
[1124/153637.060:ERROR:process_memory_win.cc(73)] ReadMemory at 0x7ff8b7f40000 of 64 bytes failed: Only part of a ReadProcessMemory or WriteProcessMemory request was completed. (0x12B)
[1124/153637.060:WARNING:pe_image_reader.cc(340)] could not read dos header from C:\WINDOWS\SYSTEM32\IPHLPAPI.DLL
[1124/153637.060:ERROR:process_memory_win.cc(73)] ReadMemory at 0x7ff8b7930000 of 64 bytes failed: Only part of a ReadProcessMemory or WriteProcessMemory request was completed. (0x12B)
[1124/153637.061:WARNING:pe_image_reader.cc(340)] could not read dos header from C:\WINDOWS\SYSTEM32\WINMM.dll
[1124/153637.061:ERROR:process_memory_win.cc(73)] ReadMemory at 0x7ff876f90000 of 64 bytes failed: Only part of a ReadProcessMemory or WriteProcessMemory request was completed. (0x12B)
[1124/153637.061:WARNING:pe_image_reader.cc(340)] could not read dos header from C:\WINDOWS\SYSTEM32\UIAutomationCore.DLL
[1124/153637.061:ERROR:process_memory_win.cc(73)] ReadMemory at 0x7ff89e6a0000 of 64 bytes failed: Only part of a ReadProcessMemory or WriteProcessMemory request was completed. (0x12B)
[1124/153637.061:WARNING:pe_image_reader.cc(340)] could not read dos header from C:\WINDOWS\SYSTEM32\Secur32.dll
[1124/153637.061:ERROR:process_memory_win.cc(73)] ReadMemory at 0x7ff8b8f60000 of 64 bytes failed: Only part of a ReadProcessMemory or WriteProcessMemory request was completed. (0x12B)
[1124/153637.061:WARNING:pe_image_reader.cc(340)] could not read dos header from C:\WINDOWS\SYSTEM32\USERENV.dll
[1124/153637.061:ERROR:process_memory_win.cc(73)] ReadMemory at 0x7ff8b90a0000 of 64 bytes failed: Only part of a ReadProcessMemory or WriteProcessMemory request was completed. (0x12B)
[1124/153637.061:WARNING:pe_image_reader.cc(340)] could not read dos header from C:\WINDOWS\System32\profapi.dll
[1124/153637.061:ERROR:process_memory_win.cc(73)] ReadMemory at 0x7ff8a4af0000 of 64 bytes failed: Only part of a ReadProcessMemory or WriteProcessMemory request was completed. (0x12B)
[1124/153637.061:WARNING:pe_image_reader.cc(340)] could not read dos header from C:\WINDOWS\SYSTEM32\DWrite.dll
[1124/153637.061:ERROR:process_memory_win.cc(73)] ReadMemory at 0x7ff8a0780000 of 64 bytes failed: Only part of a ReadProcessMemory or WriteProcessMemory request was completed. (0x12B)
[1124/153637.061:WARNING:pe_image_reader.cc(340)] could not read dos header from C:\WINDOWS\SYSTEM32\WINSPOOL.DRV
[1124/153637.061:ERROR:process_memory_win.cc(73)] ReadMemory at 0x7ff8b90d0000 of 64 bytes failed: Only part of a ReadProcessMemory or WriteProcessMemory request was completed. (0x12B)
[1124/153637.061:WARNING:pe_image_reader.cc(340)] could not read dos header from C:\WINDOWS\System32\kernel.appcore.dll
[1124/153637.061:ERROR:process_memory_win.cc(73)] ReadMemory at 0x7ff8b9c50000 of 64 bytes failed: Only part of a ReadProcessMemory or WriteProcessMemory request was completed. (0x12B)
[1124/153637.061:WARNING:pe_image_reader.cc(340)] could not read dos header from C:\WINDOWS\System32\bcrypt.dll
[1124/153637.062:ERROR:process_memory_win.cc(73)] ReadMemory at 0x7ff8b86e0000 of 64 bytes failed: Only part of a ReadProcessMemory or WriteProcessMemory request was completed. (0x12B)
[1124/153637.062:WARNING:pe_image_reader.cc(340)] could not read dos header from C:\WINDOWS\SYSTEM32\WINHTTP.dll
[1124/153637.062:ERROR:process_memory_win.cc(73)] ReadMemory at 0x7ff8af8e0000 of 64 bytes failed: Only part of a ReadProcessMemory or WriteProcessMemory request was completed. (0x12B)
[1124/153637.062:WARNING:pe_image_reader.cc(340)] could not read dos header from C:\WINDOWS\SYSTEM32\dhcpcsvc.DLL
[1124/153637.062:ERROR:process_memory_win.cc(73)] ReadMemory at 0x7ff8bb890000 of 64 bytes failed: Only part of a ReadProcessMemory or WriteProcessMemory request was completed. (0x12B)
[1124/153637.062:WARNING:pe_image_reader.cc(340)] could not read dos header from C:\WINDOWS\System32\NSI.dll
[1124/153637.062:ERROR:process_memory_win.cc(73)] ReadMemory at 0x7ff8b7900000 of 64 bytes failed: Only part of a ReadProcessMemory or WriteProcessMemory request was completed. (0x12B)
[1124/153637.062:WARNING:pe_image_reader.cc(340)] could not read dos header from C:\WINDOWS\SYSTEM32\WINMMBASE.dll
[1124/153637.062:ERROR:process_memory_win.cc(73)] ReadMemory at 0x7ff8b9c00000 of 64 bytes failed: Only part of a ReadProcessMemory or WriteProcessMemory request was completed. (0x12B)
[1124/153637.062:WARNING:pe_image_reader.cc(340)] could not read dos header from C:\WINDOWS\System32\cfgmgr32.dll
[1124/153637.062:ERROR:process_memory_win.cc(73)] ReadMemory at 0x7ff8b62d0000 of 64 bytes failed: Only part of a ReadProcessMemory or WriteProcessMemory request was completed. (0x12B)
[1124/153637.062:WARNING:pe_image_reader.cc(340)] could not read dos header from C:\WINDOWS\SYSTEM32\PROPSYS.dll
[1124/153637.062:ERROR:process_memory_win.cc(73)] ReadMemory at 0x7ff8ba690000 of 64 bytes failed: Only part of a ReadProcessMemory or WriteProcessMemory request was completed. (0x12B)
[1124/153637.062:WARNING:pe_image_reader.cc(340)] could not read dos header from C:\WINDOWS\System32\shcore.dll
[1124/153637.062:ERROR:process_memory_win.cc(73)] ReadMemory at 0x7ff8b8f30000 of 64 bytes failed: Only part of a ReadProcessMemory or WriteProcessMemory request was completed. (0x12B)
[1124/153637.062:WARNING:pe_image_reader.cc(340)] could not read dos header from C:\WINDOWS\SYSTEM32\SSPICLI.DLL
[1124/153637.062:ERROR:process_memory_win.cc(73)] ReadMemory at 0x7ff8bb3f0000 of 64 bytes failed: Only part of a ReadProcessMemory or WriteProcessMemory request was completed. (0x12B)
[1124/153637.062:WARNING:pe_image_reader.cc(340)] could not read dos header from C:\WINDOWS\System32\ole32.dll
[1124/153637.062:ERROR:process_memory_win.cc(73)] ReadMemory at 0x7ff8bb3c0000 of 64 bytes failed: Only part of a ReadProcessMemory or WriteProcessMemory request was completed. (0x12B)
[1124/153637.063:WARNING:pe_image_reader.cc(340)] could not read dos header from C:\WINDOWS\System32\GDI32.dll
[1124/153637.063:ERROR:process_memory_win.cc(73)] ReadMemory at 0x7ff8b9110000 of 64 bytes failed: Only part of a ReadProcessMemory or WriteProcessMemory request was completed. (0x12B)
[1124/153637.063:WARNING:pe_image_reader.cc(340)] could not read dos header from C:\WINDOWS\System32\win32u.dll
[1124/153637.063:ERROR:process_memory_win.cc(73)] ReadMemory at 0x7ff8b9940000 of 64 bytes failed: Only part of a ReadProcessMemory or WriteProcessMemory request was completed. (0x12B)
[1124/153637.063:WARNING:pe_image_reader.cc(340)] could not read dos header from C:\WINDOWS\System32\gdi32full.dll
[1124/153637.063:ERROR:process_memory_win.cc(73)] ReadMemory at 0x7ff8bbb50000 of 64 bytes failed: Only part of a ReadProcessMemory or WriteProcessMemory request was completed. (0x12B)
[1124/153637.063:WARNING:pe_image_reader.cc(340)] could not read dos header from C:\WINDOWS\System32\USER32.dll
[1124/153637.063:ERROR:process_memory_win.cc(73)] ReadMemory at 0x23cdc3f0000 of 64 bytes failed: Only part of a ReadProcessMemory or WriteProcessMemory request was completed. (0x12B)
[1124/153637.063:WARNING:pe_image_reader.cc(340)] could not read dos header from C:\WINDOWS\System32\IMM32.DLL
[1124/153637.063:ERROR:process_memory_win.cc(73)] ReadMemory at 0x7ff8b8400000 of 64 bytes failed: Only part of a ReadProcessMemory or WriteProcessMemory request was completed. (0x12B)
[1124/153637.063:WARNING:pe_image_reader.cc(340)] could not read dos header from C:\WINDOWS\SYSTEM32\CRYPTBASE.DLL
[1124/153637.063:ERROR:process_memory_win.cc(73)] ReadMemory at 0x7ff7fe730000 of 64 bytes failed: Only part of a ReadProcessMemory or WriteProcessMemory request was completed. (0x12B)
[1124/153637.063:WARNING:pe_image_reader.cc(340)] could not read dos header from C:\Program Files (x86)\Google\Chrome\Application\chrome.exe
[1124/153637.063:ERROR:process_memory_win.cc(73)] ReadMemory at 0x7ff8bc180000 of 64 bytes failed: Only part of a ReadProcessMemory or WriteProcessMemory request was completed. (0x12B)
[1124/153637.063:WARNING:pe_image_reader.cc(340)] could not read dos header from C:\WINDOWS\SYSTEM32\ntdll.dll
[1124/153637.063:ERROR:process_memory_win.cc(73)] ReadMemory at 0x7ff8ba230000 of 64 bytes failed: Only part of a ReadProcessMemory or WriteProcessMemory request was completed. (0x12B)
[1124/153637.063:WARNING:pe_image_reader.cc(340)] could not read dos header from C:\WINDOWS\System32\KERNEL32.dll
[1124/153637.064:ERROR:process_memory_win.cc(73)] ReadMemory at 0x7ff8b9e80000 of 64 bytes failed: Only part of a ReadProcessMemory or WriteProcessMemory request was completed. (0x12B)
[1124/153637.064:WARNING:pe_image_reader.cc(340)] could not read dos header from C:\WINDOWS\System32\KERNELBASE.dll
[1124/153637.064:ERROR:process_memory_win.cc(73)] ReadMemory at 0x7ff84d120000 of 64 bytes failed: Only part of a ReadProcessMemory or WriteProcessMemory request was completed. (0x12B)
[1124/153637.064:WARNING:pe_image_reader.cc(340)] could not read dos header from C:\Program Files (x86)\Google\Chrome\Application\86.0.4240.198\chrome_elf.dll
[1124/153637.064:ERROR:process_memory_win.cc(73)] ReadMemory at 0x7ff8b6b30000 of 64 bytes failed: Only part of a ReadProcessMemory or WriteProcessMemory request was completed. (0x12B)
[1124/153637.064:WARNING:pe_image_reader.cc(340)] could not read dos header from C:\WINDOWS\SYSTEM32\VERSION.dll
[1124/153637.064:ERROR:process_memory_win.cc(73)] ReadMemory at 0x7ff8bb2b0000 of 64 bytes failed: Only part of a ReadProcessMemory or WriteProcessMemory request was completed. (0x12B)
[1124/153637.064:WARNING:pe_image_reader.cc(340)] could not read dos header from C:\WINDOWS\System32\msvcrt.dll
[1124/153637.064:ERROR:process_memory_win.cc(73)] ReadMemory at 0x7ff8b9ae0000 of 64 bytes failed: Only part of a ReadProcessMemory or WriteProcessMemory request was completed. (0x12B)
[1124/153637.064:WARNING:pe_image_reader.cc(340)] could not read dos header from C:\WINDOWS\System32\bcryptPrimitives.dll
[1124/153637.064:ERROR:process_memory_win.cc(73)] ReadMemory at 0x7ff8bbdc0000 of 64 bytes failed: Only part of a ReadProcessMemory or WriteProcessMemory request was completed. (0x12B)
[1124/153637.064:WARNING:pe_image_reader.cc(340)] could not read dos header from C:\WINDOWS\System32\ADVAPI32.dll
[1124/153637.064:ERROR:process_memory_win.cc(73)] ReadMemory at 0x7ff8bbcf0000 of 64 bytes failed: Only part of a ReadProcessMemory or WriteProcessMemory request was completed. (0x12B)
[1124/153637.064:WARNING:pe_image_reader.cc(340)] could not read dos header from C:\WINDOWS\System32\sechost.dll
[1124/153637.064:ERROR:process_memory_win.cc(73)] ReadMemory at 0x7ff8ba3d0000 of 64 bytes failed: Only part of a ReadProcessMemory or WriteProcessMemory request was completed. (0x12B)
[1124/153637.064:WARNING:pe_image_reader.cc(340)] could not read dos header from C:\WINDOWS\System32\RPCRT4.dll
[1124/153637.064:ERROR:process_memory_win.cc(73)] ReadMemory at 0x7ff811910000 of 64 bytes failed: Only part of a ReadProcessMemory or WriteProcessMemory request was completed. (0x12B)
[1124/153637.065:WARNING:pe_image_reader.cc(340)] could not read dos header from C:\Program Files (x86)\Google\Chrome\Application\86.0.4240.198\chrome.dll
[1124/153637.065:ERROR:process_memory_win.cc(73)] ReadMemory at 0x7ff8bbe70000 of 64 bytes failed: Only part of a ReadProcessMemory or WriteProcessMemory request was completed. (0x12B)
[1124/153637.065:WARNING:pe_image_reader.cc(340)] could not read dos header from C:\WINDOWS\System32\WS2_32.dll
[1124/153637.065:ERROR:process_memory_win.cc(73)] ReadMemory at 0x7ff8ba4f0000 of 64 bytes failed: Only part of a ReadProcessMemory or WriteProcessMemory request was completed. (0x12B)
[1124/153637.065:WARNING:pe_image_reader.cc(340)] could not read dos header from C:\WINDOWS\System32\OLEAUT32.dll
[1124/153637.065:ERROR:process_memory_win.cc(73)] ReadMemory at 0x7ff8b9b60000 of 64 bytes failed: Only part of a ReadProcessMemory or WriteProcessMemory request was completed. (0x12B)
[1124/153637.065:WARNING:pe_image_reader.cc(340)] could not read dos header from C:\WINDOWS\System32\msvcp_win.dll
[1124/153637.065:ERROR:process_memory_win.cc(73)] ReadMemory at 0x7ff8ba130000 of 64 bytes failed: Only part of a ReadProcessMemory or WriteProcessMemory request was completed. (0x12B)
[1124/153637.065:WARNING:pe_image_reader.cc(340)] could not read dos header from C:\WINDOWS\System32\ucrtbase.dll
[1124/153637.065:ERROR:process_memory_win.cc(73)] ReadMemory at 0x7ff8bb550000 of 64 bytes failed: Only part of a ReadProcessMemory or WriteProcessMemory request was completed. (0x12B)
[1124/153637.065:WARNING:pe_image_reader.cc(340)] could not read dos header from C:\WINDOWS\System32\combase.dll
[1124/153637.065:ERROR:process_memory_win.cc(73)] ReadMemory at 0x7ff8b9160000 of 64 bytes failed: Only part of a ReadProcessMemory or WriteProcessMemory request was completed. (0x12B)
[1124/153637.065:WARNING:pe_image_reader.cc(340)] could not read dos header from C:\WINDOWS\System32\WINTRUST.dll
[1124/153637.065:ERROR:process_memory_win.cc(73)] ReadMemory at 0x7ff8b90f0000 of 64 bytes failed: Only part of a ReadProcessMemory or WriteProcessMemory request was completed. (0x12B)
[1124/153637.065:WARNING:pe_image_reader.cc(340)] could not read dos header from C:\WINDOWS\System32\MSASN1.dll
[1124/153637.065:ERROR:process_memory_win.cc(73)] ReadMemory at 0x7ff8b9d30000 of 64 bytes failed: Only part of a ReadProcessMemory or WriteProcessMemory request was completed. (0x12B)
[1124/153637.066:WARNING:pe_image_reader.cc(340)] could not read dos header from C:\WINDOWS\System32\CRYPT32.dll
[1124/153637.066:ERROR:process_memory_win.cc(73)] ReadMemory at 0x7ff8b8b60000 of 64 bytes failed: Only part of a ReadProcessMemory or WriteProcessMemory request was completed. (0x12B)
[1124/153637.066:WARNING:pe_image_reader.cc(340)] could not read dos header from C:\WINDOWS\SYSTEM32\dbghelp.dll
[1124/153637.066:ERROR:process_memory_win.cc(73)] ReadMemory at 0x7ff8b7f40000 of 64 bytes failed: Only part of a ReadProcessMemory or WriteProcessMemory request was completed. (0x12B)
[1124/153637.066:WARNING:pe_image_reader.cc(340)] could not read dos header from C:\WINDOWS\SYSTEM32\IPHLPAPI.DLL
[1124/153637.066:ERROR:process_memory_win.cc(73)] ReadMemory at 0x7ff8b7930000 of 64 bytes failed: Only part of a ReadProcessMemory or WriteProcessMemory request was completed. (0x12B)
[1124/153637.066:WARNING:pe_image_reader.cc(340)] could not read dos header from C:\WINDOWS\SYSTEM32\WINMM.dll
[1124/153637.066:ERROR:process_memory_win.cc(73)] ReadMemory at 0x7ff876f90000 of 64 bytes failed: Only part of a ReadProcessMemory or WriteProcessMemory request was completed. (0x12B)
[1124/153637.066:WARNING:pe_image_reader.cc(340)] could not read dos header from C:\WINDOWS\SYSTEM32\UIAutomationCore.DLL
[1124/153637.066:ERROR:process_memory_win.cc(73)] ReadMemory at 0x7ff89e6a0000 of 64 bytes failed: Only part of a ReadProcessMemory or WriteProcessMemory request was completed. (0x12B)
[1124/153637.066:WARNING:pe_image_reader.cc(340)] could not read dos header from C:\WINDOWS\SYSTEM32\Secur32.dll
[1124/153637.066:ERROR:process_memory_win.cc(73)] ReadMemory at 0x7ff8b8f60000 of 64 bytes failed: Only part of a ReadProcessMemory or WriteProcessMemory request was completed. (0x12B)
[1124/153637.066:WARNING:pe_image_reader.cc(340)] could not read dos header from C:\WINDOWS\SYSTEM32\USERENV.dll
[1124/153637.066:ERROR:process_memory_win.cc(73)] ReadMemory at 0x7ff8b90a0000 of 64 bytes failed: Only part of a ReadProcessMemory or WriteProcessMemory request was completed. (0x12B)
[1124/153637.066:WARNING:pe_image_reader.cc(340)] could not read dos header from C:\WINDOWS\System32\profapi.dll
[1124/153637.066:ERROR:process_memory_win.cc(73)] ReadMemory at 0x7ff8a4af0000 of 64 bytes failed: Only part of a ReadProcessMemory or WriteProcessMemory request was completed. (0x12B)
[1124/153637.066:WARNING:pe_image_reader.cc(340)] could not read dos header from C:\WINDOWS\SYSTEM32\DWrite.dll
[1124/153637.066:ERROR:process_memory_win.cc(73)] ReadMemory at 0x7ff8a0780000 of 64 bytes failed: Only part of a ReadProcessMemory or WriteProcessMemory request was completed. (0x12B)
[1124/153637.066:WARNING:pe_image_reader.cc(340)] could not read dos header from C:\WINDOWS\SYSTEM32\WINSPOOL.DRV
[1124/153637.066:ERROR:process_memory_win.cc(73)] ReadMemory at 0x7ff8b90d0000 of 64 bytes failed: Only part of a ReadProcessMemory or WriteProcessMemory request was completed. (0x12B)
[1124/153637.067:WARNING:pe_image_reader.cc(340)] could not read dos header from C:\WINDOWS\System32\kernel.appcore.dll
[1124/153637.067:ERROR:process_memory_win.cc(73)] ReadMemory at 0x7ff8b9c50000 of 64 bytes failed: Only part of a ReadProcessMemory or WriteProcessMemory request was completed. (0x12B)
[1124/153637.067:WARNING:pe_image_reader.cc(340)] could not read dos header from C:\WINDOWS\System32\bcrypt.dll
[1124/153637.067:ERROR:process_memory_win.cc(73)] ReadMemory at 0x7ff8b86e0000 of 64 bytes failed: Only part of a ReadProcessMemory or WriteProcessMemory request was completed. (0x12B)
[1124/153637.067:WARNING:pe_image_reader.cc(340)] could not read dos header from C:\WINDOWS\SYSTEM32\WINHTTP.dll
[1124/153637.067:ERROR:process_memory_win.cc(73)] ReadMemory at 0x7ff8af8e0000 of 64 bytes failed: Only part of a ReadProcessMemory or WriteProcessMemory request was completed. (0x12B)
[1124/153637.067:WARNING:pe_image_reader.cc(340)] could not read dos header from C:\WINDOWS\SYSTEM32\dhcpcsvc.DLL
[1124/153637.067:ERROR:process_memory_win.cc(73)] ReadMemory at 0x7ff8bb890000 of 64 bytes failed: Only part of a ReadProcessMemory or WriteProcessMemory request was completed. (0x12B)
[1124/153637.067:WARNING:pe_image_reader.cc(340)] could not read dos header from C:\WINDOWS\System32\NSI.dll
[1124/153637.067:ERROR:process_memory_win.cc(73)] ReadMemory at 0x7ff8b7900000 of 64 bytes failed: Only part of a ReadProcessMemory or WriteProcessMemory request was completed. (0x12B)
[1124/153637.067:WARNING:pe_image_reader.cc(340)] could not read dos header from C:\WINDOWS\SYSTEM32\WINMMBASE.dll
[1124/153637.067:ERROR:process_memory_win.cc(73)] ReadMemory at 0x7ff8b9c00000 of 64 bytes failed: Only part of a ReadProcessMemory or WriteProcessMemory request was completed. (0x12B)
[1124/153637.067:WARNING:pe_image_reader.cc(340)] could not read dos header from C:\WINDOWS\System32\cfgmgr32.dll
[1124/153637.067:ERROR:process_memory_win.cc(73)] ReadMemory at 0x7ff8b62d0000 of 64 bytes failed: Only part of a ReadProcessMemory or WriteProcessMemory request was completed. (0x12B)
[1124/153637.067:WARNING:pe_image_reader.cc(340)] could not read dos header from C:\WINDOWS\SYSTEM32\PROPSYS.dll
[1124/153637.067:ERROR:process_memory_win.cc(73)] ReadMemory at 0x7ff8ba690000 of 64 bytes failed: Only part of a ReadProcessMemory or WriteProcessMemory request was completed. (0x12B)
[1124/153637.067:WARNING:pe_image_reader.cc(340)] could not read dos header from C:\WINDOWS\System32\shcore.dll
[1124/153637.067:ERROR:process_memory_win.cc(73)] ReadMemory at 0x7ff8b8f30000 of 64 bytes failed: Only part of a ReadProcessMemory or WriteProcessMemory request was completed. (0x12B)
[1124/153637.068:WARNING:pe_image_reader.cc(340)] could not read dos header from C:\WINDOWS\SYSTEM32\SSPICLI.DLL
[1124/153637.068:ERROR:process_memory_win.cc(73)] ReadMemory at 0x7ff8bb3f0000 of 64 bytes failed: Only part of a ReadProcessMemory or WriteProcessMemory request was completed. (0x12B)
[1124/153637.068:WARNING:pe_image_reader.cc(340)] could not read dos header from C:\WINDOWS\System32\ole32.dll
[1124/153637.068:ERROR:process_memory_win.cc(73)] ReadMemory at 0x7ff8bb3c0000 of 64 bytes failed: Only part of a ReadProcessMemory or WriteProcessMemory request was completed. (0x12B)
[1124/153637.068:WARNING:pe_image_reader.cc(340)] could not read dos header from C:\WINDOWS\System32\GDI32.dll
[1124/153637.068:ERROR:process_memory_win.cc(73)] ReadMemory at 0x7ff8b9110000 of 64 bytes failed: Only part of a ReadProcessMemory or WriteProcessMemory request was completed. (0x12B)
[1124/153637.068:WARNING:pe_image_reader.cc(340)] could not read dos header from C:\WINDOWS\System32\win32u.dll
[1124/153637.068:ERROR:process_memory_win.cc(73)] ReadMemory at 0x7ff8b9940000 of 64 bytes failed: Only part of a ReadProcessMemory or WriteProcessMemory request was completed. (0x12B)
[1124/153637.068:WARNING:pe_image_reader.cc(340)] could not read dos header from C:\WINDOWS\System32\gdi32full.dll
[1124/153637.068:ERROR:process_memory_win.cc(73)] ReadMemory at 0x7ff8bbb50000 of 64 bytes failed: Only part of a ReadProcessMemory or WriteProcessMemory request was completed. (0x12B)
[1124/153637.068:WARNING:pe_image_reader.cc(340)] could not read dos header from C:\WINDOWS\System32\USER32.dll
[1124/153637.068:ERROR:process_memory_win.cc(73)] ReadMemory at 0x23cdc3f0000 of 64 bytes failed: Only part of a ReadProcessMemory or WriteProcessMemory request was completed. (0x12B)
[1124/153637.068:WARNING:pe_image_reader.cc(340)] could not read dos header from C:\WINDOWS\System32\IMM32.DLL
[1124/153637.068:ERROR:process_memory_win.cc(73)] ReadMemory at 0x7ff8b8400000 of 64 bytes failed: Only part of a ReadProcessMemory or WriteProcessMemory request was completed. (0x12B)
[1124/153637.068:WARNING:pe_image_reader.cc(340)] could not read dos header from C:\WINDOWS\SYSTEM32\CRYPTBASE.DLL
[1124/153637.106:ERROR:process_memory_win.cc(73)] ReadMemory at 0x84c5def000 of 69632 bytes failed: Only part of a ReadProcessMemory or WriteProcessMemory request was completed. (0x12B)
[1124/153637.106:ERROR:process_memory_win.cc(73)] ReadMemory at 0x84c65fe000 of 8192 bytes failed: Only part of a ReadProcessMemory or WriteProcessMemory request was completed. (0x12B)
[1124/153637.106:ERROR:process_memory_win.cc(73)] ReadMemory at 0x84c6dfc000 of 16384 bytes failed: Only part of a ReadProcessMemory or WriteProcessMemory request was completed. (0x12B)
[1124/153637.106:ERROR:process_memory_win.cc(73)] ReadMemory at 0x84c75fe000 of 8192 bytes failed: Only part of a ReadProcessMemory or WriteProcessMemory request was completed. (0x12B)
[1124/153637.106:ERROR:process_memory_win.cc(73)] ReadMemory at 0x84c7dfd000 of 12288 bytes failed: Only part of a ReadProcessMemory or WriteProcessMemory request was completed. (0x12B)
[1124/153637.106:ERROR:process_memory_win.cc(73)] ReadMemory at 0x84c85fe000 of 8192 bytes failed: Only part of a ReadProcessMemory or WriteProcessMemory request was completed. (0x12B)
[1124/153637.106:ERROR:process_memory_win.cc(73)] ReadMemory at 0x84c8dfd000 of 12288 bytes failed: Only part of a ReadProcessMemory or WriteProcessMemory request was completed. (0x12B)
[1124/153637.107:ERROR:process_memory_win.cc(73)] ReadMemory at 0x84c95fe000 of 8192 bytes failed: Only part of a ReadProcessMemory or WriteProcessMemory request was completed. (0x12B)
[1124/153637.107:ERROR:process_memory_win.cc(73)] ReadMemory at 0x84c9dfd000 of 12288 bytes failed: Only part of a ReadProcessMemory or WriteProcessMemory request was completed. (0x12B)
[1124/153637.107:ERROR:process_memory_win.cc(73)] ReadMemory at 0x84ca5fe000 of 8192 bytes failed: Only part of a ReadProcessMemory or WriteProcessMemory request was completed. (0x12B)
[1124/153637.107:ERROR:process_memory_win.cc(73)] ReadMemory at 0x84cadfe000 of 8192 bytes failed: Only part of a ReadProcessMemory or WriteProcessMemory request was completed. (0x12B)
[1124/153637.107:ERROR:process_memory_win.cc(73)] ReadMemory at 0x84cb5fe000 of 8192 bytes failed: Only part of a ReadProcessMemory or WriteProcessMemory request was completed. (0x12B)
[1124/153637.107:ERROR:process_memory_win.cc(73)] ReadMemory at 0x84cbdfe000 of 8192 bytes failed: Only part of a ReadProcessMemory or WriteProcessMemory request was completed. (0x12B)
[1124/153637.107:ERROR:process_memory_win.cc(73)] ReadMemory at 0x84cc5fe000 of 8192 bytes failed: Only part of a ReadProcessMemory or WriteProcessMemory request was completed. (0x12B)
[1124/153637.107:ERROR:process_memory_win.cc(73)] ReadMemory at 0x84ccdfe000 of 8192 bytes failed: Only part of a ReadProcessMemory or WriteProcessMemory request was completed. (0x12B)
[1124/153637.107:ERROR:process_memory_win.cc(73)] ReadMemory at 0x84cd5fe000 of 8192 bytes failed: Only part of a ReadProcessMemory or WriteProcessMemory request was completed. (0x12B)
[1124/153637.107:ERROR:process_memory_win.cc(73)] ReadMemory at 0x84cddfe000 of 8192 bytes failed: Only part of a ReadProcessMemory or WriteProcessMemory request was completed. (0x12B)
[1124/153637.108:ERROR:process_memory_win.cc(73)] ReadMemory at 0x84ce5fe000 of 8192 bytes failed: Only part of a ReadProcessMemory or WriteProcessMemory request was completed. (0x12B)
[1124/153637.108:ERROR:process_memory_win.cc(73)] ReadMemory at 0x84c55c5000 of 852 bytes failed: Only part of a ReadProcessMemory or WriteProcessMemory request was completed. (0x12B)
[1124/153637.108:ERROR:process_memory_win.cc(73)] ReadMemory at 0x84c55c6000 of 6024 bytes failed: Only part of a ReadProcessMemory or WriteProcessMemory request was completed. (0x12B)
[1124/153637.108:ERROR:process_memory_win.cc(73)] ReadMemory at 0x84c55c8000 of 6024 bytes failed: Only part of a ReadProcessMemory or WriteProcessMemory request was completed. (0x12B)
[1124/153637.108:ERROR:process_memory_win.cc(73)] ReadMemory at 0x84c55ca000 of 6024 bytes failed: Only part of a ReadProcessMemory or WriteProcessMemory request was completed. (0x12B)
[1124/153637.108:ERROR:process_memory_win.cc(73)] ReadMemory at 0x84c55cc000 of 6024 bytes failed: Only part of a ReadProcessMemory or WriteProcessMemory request was completed. (0x12B)
[1124/153637.108:ERROR:process_memory_win.cc(73)] ReadMemory at 0x84c55ce000 of 6024 bytes failed: Only part of a ReadProcessMemory or WriteProcessMemory request was completed. (0x12B)
[1124/153637.109:ERROR:process_memory_win.cc(73)] ReadMemory at 0x84c55d0000 of 6024 bytes failed: Only part of a ReadProcessMemory or WriteProcessMemory request was completed. (0x12B)
[1124/153637.109:ERROR:process_memory_win.cc(73)] ReadMemory at 0x84c55d2000 of 6024 bytes failed: Only part of a ReadProcessMemory or WriteProcessMemory request was completed. (0x12B)
[1124/153637.109:ERROR:process_memory_win.cc(73)] ReadMemory at 0x84c55d4000 of 6024 bytes failed: Only part of a ReadProcessMemory or WriteProcessMemory request was completed. (0x12B)
[1124/153637.109:ERROR:process_memory_win.cc(73)] ReadMemory at 0x84c55d6000 of 6024 bytes failed: Only part of a ReadProcessMemory or WriteProcessMemory request was completed. (0x12B)
[1124/153637.109:ERROR:process_memory_win.cc(73)] ReadMemory at 0x84c55d8000 of 6024 bytes failed: Only part of a ReadProcessMemory or WriteProcessMemory request was completed. (0x12B)
[1124/153637.109:ERROR:process_memory_win.cc(73)] ReadMemory at 0x84c55da000 of 6024 bytes failed: Only part of a ReadProcessMemory or WriteProcessMemory request was completed. (0x12B)
[1124/153637.109:ERROR:process_memory_win.cc(73)] ReadMemory at 0x84c55dc000 of 6024 bytes failed: Only part of a ReadProcessMemory or WriteProcessMemory request was completed. (0x12B)
[1124/153637.109:ERROR:process_memory_win.cc(73)] ReadMemory at 0x84c55de000 of 6024 bytes failed: Only part of a ReadProcessMemory or WriteProcessMemory request was completed. (0x12B)
[1124/153637.110:ERROR:process_memory_win.cc(73)] ReadMemory at 0x84c55e0000 of 6024 bytes failed: Only part of a ReadProcessMemory or WriteProcessMemory request was completed. (0x12B)
[1124/153637.110:ERROR:process_memory_win.cc(73)] ReadMemory at 0x84c55e2000 of 6024 bytes failed: Only part of a ReadProcessMemory or WriteProcessMemory request was completed. (0x12B)
[1124/153637.110:ERROR:process_memory_win.cc(73)] ReadMemory at 0x84c55e4000 of 6024 bytes failed: Only part of a ReadProcessMemory or WriteProcessMemory request was completed. (0x12B)
[1124/153637.110:ERROR:process_memory_win.cc(73)] ReadMemory at 0x84c55e6000 of 6024 bytes failed: Only part of a ReadProcessMemory or WriteProcessMemory request was completed. (0x12B)
[1124/153637.110:ERROR:process_memory_win.cc(73)] ReadMemory at 0x84c55e8000 of 6024 bytes failed: Only part of a ReadProcessMemory or WriteProcessMemory request was completed. (0x12B)
[1124/153637.110:ERROR:process_memory_win.cc(73)] ReadMemory at 0x23cdc1e3580 of 512 bytes failed: Only part of a ReadProcessMemory or WriteProcessMemory request was completed. (0x12B)
[1124/153637.110:ERROR:process_memory_win.cc(73)] ReadMemory at 0x23cdc220fe0 of 7958 bytes failed: Only part of a ReadProcessMemory or WriteProcessMemory request was completed. (0x12B)
[1124/153637.110:ERROR:process_memory_win.cc(73)] ReadMemory at 0x23cdc222f00 of 1012 bytes failed: Only part of a ReadProcessMemory or WriteProcessMemory request was completed. (0x12B)
[1124/153637.110:ERROR:process_memory_win.cc(73)] ReadMemory at 0x23cdc223548 of 118 bytes failed: Only part of a ReadProcessMemory or WriteProcessMemory request was completed. (0x12B)
[1124/153637.111:ERROR:process_memory_win.cc(73)] ReadMemory at 0x23cdc2235c0 of 754 bytes failed: Only part of a ReadProcessMemory or WriteProcessMemory request was completed. (0x12B)
[1124/153637.111:ERROR:process_memory_win.cc(73)] ReadMemory at 0x23cdc2238b4 of 118 bytes failed: Only part of a ReadProcessMemory or WriteProcessMemory request was completed. (0x12B)
[1124/153637.111:ERROR:process_memory_win.cc(73)] ReadMemory at 0x23cdc22392c of 96 bytes failed: Only part of a ReadProcessMemory or WriteProcessMemory request was completed. (0x12B)
[1124/153637.111:ERROR:process_memory_win.cc(73)] ReadMemory at 0x23cdc2239a0 of 58 bytes failed: Only part of a ReadProcessMemory or WriteProcessMemory request was completed. (0x12B)
[1124/153637.111:ERROR:process_memory_win.cc(73)] ReadMemory at 0x23cdc223aa0 of 132 bytes failed: Only part of a ReadProcessMemory or WriteProcessMemory request was completed. (0x12B)
[1124/153637.111:ERROR:process_memory_win.cc(73)] ReadMemory at 0x23cdc223c30 of 132 bytes failed: Only part of a ReadProcessMemory or WriteProcessMemory request was completed. (0x12B)
[1124/153637.111:ERROR:process_memory_win.cc(73)] ReadMemory at 0x23cdc223df0 of 126 bytes failed: Only part of a ReadProcessMemory or WriteProcessMemory request was completed. (0x12B)
[1124/153637.111:ERROR:process_memory_win.cc(73)] ReadMemory at 0x23cdc224200 of 132 bytes failed: Only part of a ReadProcessMemory or WriteProcessMemory request was completed. (0x12B)
[1124/153637.111:ERROR:process_memory_win.cc(73)] ReadMemory at 0x23cdc224780 of 132 bytes failed: Only part of a ReadProcessMemory or WriteProcessMemory request was completed. (0x12B)
[1124/153637.112:ERROR:process_memory_win.cc(73)] ReadMemory at 0x23cdc224910 of 64 bytes failed: Only part of a ReadProcessMemory or WriteProcessMemory request was completed. (0x12B)
[1124/153637.112:ERROR:process_memory_win.cc(73)] ReadMemory at 0x23cdc224d70 of 132 bytes failed: Only part of a ReadProcessMemory or WriteProcessMemory request was completed. (0x12B)
[1124/153637.112:ERROR:process_memory_win.cc(73)] ReadMemory at 0x23cdc224f00 of 68 bytes failed: Only part of a ReadProcessMemory or WriteProcessMemory request was completed. (0x12B)
[1124/153637.112:ERROR:process_memory_win.cc(73)] ReadMemory at 0x23cdc22a500 of 132 bytes failed: Only part of a ReadProcessMemory or WriteProcessMemory request was completed. (0x12B)
[1124/153637.112:ERROR:process_memory_win.cc(73)] ReadMemory at 0x23cdc22a630 of 154 bytes failed: Only part of a ReadProcessMemory or WriteProcessMemory request was completed. (0x12B)
[1124/153637.112:ERROR:process_memory_win.cc(73)] ReadMemory at 0x23cdc22b130 of 132 bytes failed: Only part of a ReadProcessMemory or WriteProcessMemory request was completed. (0x12B)
[1124/153637.112:ERROR:process_memory_win.cc(73)] ReadMemory at 0x23cdc22ded0 of 62 bytes failed: Only part of a ReadProcessMemory or WriteProcessMemory request was completed. (0x12B)
[1124/153637.112:ERROR:process_memory_win.cc(73)] ReadMemory at 0x23cdc22e1f0 of 60 bytes failed: Only part of a ReadProcessMemory or WriteProcessMemory request was completed. (0x12B)
[1124/153637.112:ERROR:process_memory_win.cc(73)] ReadMemory at 0x23cdc22e510 of 62 bytes failed: Only part of a ReadProcessMemory or WriteProcessMemory request was completed. (0x12B)
[1124/153637.112:ERROR:process_memory_win.cc(73)] ReadMemory at 0x23cdc2352c0 of 80 bytes failed: Only part of a ReadProcessMemory or WriteProcessMemory request was completed. (0x12B)
[1124/153637.113:ERROR:process_memory_win.cc(73)] ReadMemory at 0x23cdc2353e0 of 80 bytes failed: Only part of a ReadProcessMemory or WriteProcessMemory request was completed. (0x12B)
[1124/153637.113:ERROR:process_memory_win.cc(73)] ReadMemory at 0x23cdc235500 of 76 bytes failed: Only part of a ReadProcessMemory or WriteProcessMemory request was completed. (0x12B)
[1124/153637.113:ERROR:process_memory_win.cc(73)] ReadMemory at 0x23cdc238c00 of 132 bytes failed: Only part of a ReadProcessMemory or WriteProcessMemory request was completed. (0x12B)
[1124/153637.113:ERROR:process_memory_win.cc(73)] ReadMemory at 0x23cdc238d30 of 146 bytes failed: Only part of a ReadProcessMemory or WriteProcessMemory request was completed. (0x12B)
[1124/153637.113:ERROR:process_memory_win.cc(73)] ReadMemory at 0x23cdc2392c0 of 62 bytes failed: Only part of a ReadProcessMemory or WriteProcessMemory request was completed. (0x12B)
[1124/153637.113:ERROR:process_memory_win.cc(73)] ReadMemory at 0x23cdc239360 of 62 bytes failed: Only part of a ReadProcessMemory or WriteProcessMemory request was completed. (0x12B)
[1124/153637.113:ERROR:process_memory_win.cc(73)] ReadMemory at 0x23cdc2393b0 of 64 bytes failed: Only part of a ReadProcessMemory or WriteProcessMemory request was completed. (0x12B)
[1124/153637.113:ERROR:process_memory_win.cc(73)] ReadMemory at 0x23cdc239400 of 66 bytes failed: Only part of a ReadProcessMemory or WriteProcessMemory request was completed. (0x12B)
[1124/153637.113:ERROR:process_memory_win.cc(73)] ReadMemory at 0x23cdc239450 of 60 bytes failed: Only part of a ReadProcessMemory or WriteProcessMemory request was completed. (0x12B)
[1124/153637.114:ERROR:process_memory_win.cc(73)] ReadMemory at 0x23cdc2394a0 of 64 bytes failed: Only part of a ReadProcessMemory or WriteProcessMemory request was completed. (0x12B)
[1124/153637.114:ERROR:process_memory_win.cc(73)] ReadMemory at 0x23cdc2394f0 of 64 bytes failed: Only part of a ReadProcessMemory or WriteProcessMemory request was completed. (0x12B)
[1124/153637.114:ERROR:process_memory_win.cc(73)] ReadMemory at 0x23cdc239540 of 60 bytes failed: Only part of a ReadProcessMemory or WriteProcessMemory request was completed. (0x12B)
[1124/153637.114:ERROR:process_memory_win.cc(73)] ReadMemory at 0x23cdc2395e0 of 58 bytes failed: Only part of a ReadProcessMemory or WriteProcessMemory request was completed. (0x12B)
[1124/153637.114:ERROR:process_memory_win.cc(73)] ReadMemory at 0x23cdc239630 of 60 bytes failed: Only part of a ReadProcessMemory or WriteProcessMemory request was completed. (0x12B)
[1124/153637.114:ERROR:process_memory_win.cc(73)] ReadMemory at 0x23cdc2396d0 of 64 bytes failed: Only part of a ReadProcessMemory or WriteProcessMemory request was completed. (0x12B)
[1124/153637.114:ERROR:process_memory_win.cc(73)] ReadMemory at 0x23cdc239860 of 62 bytes failed: Only part of a ReadProcessMemory or WriteProcessMemory request was completed. (0x12B)
[1124/153637.114:ERROR:process_memory_win.cc(73)] ReadMemory at 0x23cdc2398b0 of 64 bytes failed: Only part of a ReadProcessMemory or WriteProcessMemory request was completed. (0x12B)
[1124/153637.114:ERROR:process_memory_win.cc(73)] ReadMemory at 0x23cdc2399a0 of 60 bytes failed: Only part of a ReadProcessMemory or WriteProcessMemory request was completed. (0x12B)
[1124/153637.114:ERROR:process_memory_win.cc(73)] ReadMemory at 0x23cdc2399f0 of 64 bytes failed: Only part of a ReadProcessMemory or WriteProcessMemory request was completed. (0x12B)
[1124/153637.114:ERROR:process_memory_win.cc(73)] ReadMemory at 0x23cdc239a90 of 62 bytes failed: Only part of a ReadProcessMemory or WriteProcessMemory request was completed. (0x12B)
[1124/153637.115:ERROR:process_memory_win.cc(73)] ReadMemory at 0x23cdc239ae0 of 60 bytes failed: Only part of a ReadProcessMemory or WriteProcessMemory request was completed. (0x12B)
[1124/153637.115:ERROR:process_memory_win.cc(73)] ReadMemory at 0x23cdc239b30 of 62 bytes failed: Only part of a ReadProcessMemory or WriteProcessMemory request was completed. (0x12B)
[1124/153637.115:ERROR:process_memory_win.cc(73)] ReadMemory at 0x23cdc239b80 of 66 bytes failed: Only part of a ReadProcessMemory or WriteProcessMemory request was completed. (0x12B)
[1124/153637.115:ERROR:process_memory_win.cc(73)] ReadMemory at 0x23cdc239bd0 of 64 bytes failed: Only part of a ReadProcessMemory or WriteProcessMemory request was completed. (0x12B)
[1124/153637.115:ERROR:process_memory_win.cc(73)] ReadMemory at 0x23cdc239c70 of 62 bytes failed: Only part of a ReadProcessMemory or WriteProcessMemory request was completed. (0x12B)
[1124/153637.115:ERROR:process_memory_win.cc(73)] ReadMemory at 0x23cdc239d60 of 62 bytes failed: Only part of a ReadProcessMemory or WriteProcessMemory request was completed. (0x12B)
[1124/153637.115:ERROR:process_memory_win.cc(73)] ReadMemory at 0x23cdc239db0 of 62 bytes failed: Only part of a ReadProcessMemory or WriteProcessMemory request was completed. (0x12B)
[1124/153637.115:ERROR:process_memory_win.cc(73)] ReadMemory at 0x23cdc239e50 of 60 bytes failed: Only part of a ReadProcessMemory or WriteProcessMemory request was completed. (0x12B)
[1124/153637.115:ERROR:process_memory_win.cc(73)] ReadMemory at 0x23cdc239ef0 of 64 bytes failed: Only part of a ReadProcessMemory or WriteProcessMemory request was completed. (0x12B)
[1124/153637.115:ERROR:process_memory_win.cc(73)] ReadMemory at 0x23cdc23a170 of 62 bytes failed: Only part of a ReadProcessMemory or WriteProcessMemory request was completed. (0x12B)
[1124/153637.116:ERROR:process_memory_win.cc(73)] ReadMemory at 0x23cdc23a2c0 of 132 bytes failed: Only part of a ReadProcessMemory or WriteProcessMemory request was completed. (0x12B)
[1124/153637.116:ERROR:process_memory_win.cc(73)] ReadMemory at 0x23cdc23a660 of 132 bytes failed: Only part of a ReadProcessMemory or WriteProcessMemory request was completed. (0x12B)
[1124/153637.116:ERROR:process_memory_win.cc(73)] ReadMemory at 0x23cdc23aa80 of 132 bytes failed: Only part of a ReadProcessMemory or WriteProcessMemory request was completed. (0x12B)
[1124/153637.116:ERROR:process_memory_win.cc(73)] ReadMemory at 0x23cdc23e090 of 132 bytes failed: Only part of a ReadProcessMemory or WriteProcessMemory request was completed. (0x12B)
[1124/153637.116:ERROR:process_memory_win.cc(73)] ReadMemory at 0x23cdc23e3b0 of 132 bytes failed: Only part of a ReadProcessMemory or WriteProcessMemory request was completed. (0x12B)
[1124/153637.116:ERROR:process_memory_win.cc(73)] ReadMemory at 0x23cdc240540 of 54 bytes failed: Only part of a ReadProcessMemory or WriteProcessMemory request was completed. (0x12B)
[1124/153637.116:ERROR:process_memory_win.cc(73)] ReadMemory at 0x23cdc241060 of 132 bytes failed: Only part of a ReadProcessMemory or WriteProcessMemory request was completed. (0x12B)
[1124/153637.116:ERROR:process_memory_win.cc(73)] ReadMemory at 0x23cdc241430 of 132 bytes failed: Only part of a ReadProcessMemory or WriteProcessMemory request was completed. (0x12B)
[1124/153637.116:ERROR:process_memory_win.cc(73)] ReadMemory at 0x23cdc241fc0 of 132 bytes failed: Only part of a ReadProcessMemory or WriteProcessMemory request was completed. (0x12B)
[1124/153637.117:ERROR:process_memory_win.cc(73)] ReadMemory at 0x23cdc246490 of 132 bytes failed: Only part of a ReadProcessMemory or WriteProcessMemory request was completed. (0x12B)
[1124/153637.117:ERROR:process_memory_win.cc(73)] ReadMemory at 0x23cdc2465c0 of 132 bytes failed: Only part of a ReadProcessMemory or WriteProcessMemory request was completed. (0x12B)
[1124/153637.117:ERROR:process_memory_win.cc(73)] ReadMemory at 0x23cdc2466f0 of 132 bytes failed: Only part of a ReadProcessMemory or WriteProcessMemory request was completed. (0x12B)
[1124/153637.117:ERROR:process_memory_win.cc(73)] ReadMemory at 0x23cdc246820 of 132 bytes failed: Only part of a ReadProcessMemory or WriteProcessMemory request was completed. (0x12B)
[1124/153637.117:ERROR:process_memory_win.cc(73)] ReadMemory at 0x23cdc246950 of 132 bytes failed: Only part of a ReadProcessMemory or WriteProcessMemory request was completed. (0x12B)
[1124/153637.117:ERROR:process_memory_win.cc(73)] ReadMemory at 0x23cdc246a80 of 132 bytes failed: Only part of a ReadProcessMemory or WriteProcessMemory request was completed. (0x12B)
[1124/153637.117:ERROR:process_memory_win.cc(73)] ReadMemory at 0x23cdc246bb0 of 132 bytes failed: Only part of a ReadProcessMemory or WriteProcessMemory request was completed. (0x12B)
[1124/153637.117:ERROR:process_memory_win.cc(73)] ReadMemory at 0x23cdc246ce0 of 132 bytes failed: Only part of a ReadProcessMemory or WriteProcessMemory request was completed. (0x12B)
[1124/153637.117:ERROR:process_memory_win.cc(73)] ReadMemory at 0x23cdc246f40 of 132 bytes failed: Only part of a ReadProcessMemory or WriteProcessMemory request was completed. (0x12B)
[1124/153637.117:ERROR:process_memory_win.cc(73)] ReadMemory at 0x23cdc247070 of 132 bytes failed: Only part of a ReadProcessMemory or WriteProcessMemory request was completed. (0x12B)
[1124/153637.118:ERROR:process_memory_win.cc(73)] ReadMemory at 0x23cdc2471a0 of 132 bytes failed: Only part of a ReadProcessMemory or WriteProcessMemory request was completed. (0x12B)
[1124/153637.118:ERROR:process_memory_win.cc(73)] ReadMemory at 0x23cdc2472d0 of 132 bytes failed: Only part of a ReadProcessMemory or WriteProcessMemory request was completed. (0x12B)
[1124/153637.118:ERROR:process_memory_win.cc(73)] ReadMemory at 0x23cdc247e10 of 132 bytes failed: Only part of a ReadProcessMemory or WriteProcessMemory request was completed. (0x12B)
[1124/153637.118:ERROR:process_memory_win.cc(73)] ReadMemory at 0x23cdc247f40 of 132 bytes failed: Only part of a ReadProcessMemory or WriteProcessMemory request was completed. (0x12B)
[1124/153637.118:ERROR:process_memory_win.cc(73)] ReadMemory at 0x23cdc248530 of 132 bytes failed: Only part of a ReadProcessMemory or WriteProcessMemory request was completed. (0x12B)
[1124/153637.118:ERROR:process_memory_win.cc(73)] ReadMemory at 0x23cdc248660 of 132 bytes failed: Only part of a ReadProcessMemory or WriteProcessMemory request was completed. (0x12B)
[1124/153637.118:ERROR:process_memory_win.cc(73)] ReadMemory at 0x23cdc2488c0 of 132 bytes failed: Only part of a ReadProcessMemory or WriteProcessMemory request was completed. (0x12B)
[1124/153637.118:ERROR:process_memory_win.cc(73)] ReadMemory at 0x23cdc2489f0 of 132 bytes failed: Only part of a ReadProcessMemory or WriteProcessMemory request was completed. (0x12B)
[1124/153637.118:ERROR:process_memory_win.cc(73)] ReadMemory at 0x23cdc248b20 of 132 bytes failed: Only part of a ReadProcessMemory or WriteProcessMemory request was completed. (0x12B)
[1124/153637.118:ERROR:process_memory_win.cc(73)] ReadMemory at 0x23cdc248c50 of 132 bytes failed: Only part of a ReadProcessMemory or WriteProcessMemory request was completed. (0x12B)
[1124/153637.119:ERROR:process_memory_win.cc(73)] ReadMemory at 0x23cdc248fe0 of 132 bytes failed: Only part of a ReadProcessMemory or WriteProcessMemory request was completed. (0x12B)
[1124/153637.119:ERROR:process_memory_win.cc(73)] ReadMemory at 0x23cdc249240 of 132 bytes failed: Only part of a ReadProcessMemory or WriteProcessMemory request was completed. (0x12B)
[1124/153637.119:ERROR:process_memory_win.cc(73)] ReadMemory at 0x23cdc249370 of 132 bytes failed: Only part of a ReadProcessMemory or WriteProcessMemory request was completed. (0x12B)
[1124/153637.119:ERROR:process_memory_win.cc(73)] ReadMemory at 0x23cdc2495d0 of 132 bytes failed: Only part of a ReadProcessMemory or WriteProcessMemory request was completed. (0x12B)
[1124/153637.119:ERROR:process_memory_win.cc(73)] ReadMemory at 0x23cdc249700 of 132 bytes failed: Only part of a ReadProcessMemory or WriteProcessMemory request was completed. (0x12B)
[1124/153637.119:ERROR:process_memory_win.cc(73)] ReadMemory at 0x23cdc249830 of 132 bytes failed: Only part of a ReadProcessMemory or WriteProcessMemory request was completed. (0x12B)
[1124/153637.119:ERROR:process_memory_win.cc(73)] ReadMemory at 0x23cdc249960 of 132 bytes failed: Only part of a ReadProcessMemory or WriteProcessMemory request was completed. (0x12B)
[1124/153637.119:ERROR:process_memory_win.cc(73)] ReadMemory at 0x23cdc249a90 of 132 bytes failed: Only part of a ReadProcessMemory or WriteProcessMemory request was completed. (0x12B)
[1124/153637.119:ERROR:process_memory_win.cc(73)] ReadMemory at 0x23cdc249bc0 of 132 bytes failed: Only part of a ReadProcessMemory or WriteProcessMemory request was completed. (0x12B)
[1124/153637.119:ERROR:process_memory_win.cc(73)] ReadMemory at 0x23cdc250de0 of 60 bytes failed: Only part of a ReadProcessMemory or WriteProcessMemory request was completed. (0x12B)
[1124/153637.120:ERROR:process_memory_win.cc(73)] ReadMemory at 0x23cdc250e80 of 58 bytes failed: Only part of a ReadProcessMemory or WriteProcessMemory request was completed. (0x12B)
[1124/153637.120:ERROR:process_memory_win.cc(73)] ReadMemory at 0x23cdc250f20 of 58 bytes failed: Only part of a ReadProcessMemory or WriteProcessMemory request was completed. (0x12B)
[1124/153637.120:ERROR:process_memory_win.cc(73)] ReadMemory at 0x23cdc251b00 of 58 bytes failed: Only part of a ReadProcessMemory or WriteProcessMemory request was completed. (0x12B)
[1124/153637.120:ERROR:process_memory_win.cc(73)] ReadMemory at 0x23cdc251b50 of 60 bytes failed: Only part of a ReadProcessMemory or WriteProcessMemory request was completed. (0x12B)
[1124/153637.120:ERROR:process_memory_win.cc(73)] ReadMemory at 0x23cdc251ba0 of 66 bytes failed: Only part of a ReadProcessMemory or WriteProcessMemory request was completed. (0x12B)
[1124/153637.120:ERROR:process_memory_win.cc(73)] ReadMemory at 0x23cdc299eb0 of 896 bytes failed: Only part of a ReadProcessMemory or WriteProcessMemory request was completed. (0x12B)
[1124/153637.120:ERROR:process_memory_win.cc(73)] ReadMemory at 0x23cdc29b5b0 of 512 bytes failed: Only part of a ReadProcessMemory or WriteProcessMemory request was completed. (0x12B)
[1124/153637.120:ERROR:process_memory_win.cc(73)] ReadMemory at 0x23cdc29b980 of 512 bytes failed: Only part of a ReadProcessMemory or WriteProcessMemory request was completed. (0x12B)
[1124/153637.120:ERROR:process_memory_win.cc(73)] ReadMemory at 0x23cdc2bb8b0 of 512 bytes failed: Only part of a ReadProcessMemory or WriteProcessMemory request was completed. (0x12B)
[1124/153637.121:ERROR:process_memory_win.cc(73)] ReadMemory at 0x23cdc2bd580 of 512 bytes failed: Only part of a ReadProcessMemory or WriteProcessMemory request was completed. (0x12B)
[1124/153637.121:ERROR:process_memory_win.cc(73)] ReadMemory at 0x23cdc2c8b30 of 512 bytes failed: Only part of a ReadProcessMemory or WriteProcessMemory request was completed. (0x12B)
[1124/153637.121:ERROR:process_memory_win.cc(73)] ReadMemory at 0x23cdc2cc1e0 of 712 bytes failed: Only part of a ReadProcessMemory or WriteProcessMemory request was completed. (0x12B)
[1124/153637.121:ERROR:process_memory_win.cc(73)] ReadMemory at 0x23cdc2d2850 of 512 bytes failed: Only part of a ReadProcessMemory or WriteProcessMemory request was completed. (0x12B)
[1124/153637.121:ERROR:process_memory_win.cc(73)] ReadMemory at 0x23cdddb0000 of 384 bytes failed: Only part of a ReadProcessMemory or WriteProcessMemory request was completed. (0x12B)
[1124/153637.121:ERROR:process_memory_win.cc(73)] ReadMemory at 0x23cddde8a40 of 512 bytes failed: Only part of a ReadProcessMemory or WriteProcessMemory request was completed. (0x12B)
[1124/153637.121:ERROR:process_memory_win.cc(73)] ReadMemory at 0x23cdde65f70 of 720 bytes failed: Only part of a ReadProcessMemory or WriteProcessMemory request was completed. (0x12B)
[1124/153637.121:ERROR:process_memory_win.cc(73)] ReadMemory at 0x23cdde6a1f0 of 512 bytes failed: Only part of a ReadProcessMemory or WriteProcessMemory request was completed. (0x12B)
[1124/153637.121:ERROR:process_memory_win.cc(73)] ReadMemory at 0x23cdde764e8 of 512 bytes failed: Only part of a ReadProcessMemory or WriteProcessMemory request was completed. (0x12B)
[1124/153637.121:ERROR:process_memory_win.cc(73)] ReadMemory at 0x23cdde772f8 of 512 bytes failed: Only part of a ReadProcessMemory or WriteProcessMemory request was completed. (0x12B)
[1124/153637.122:ERROR:process_memory_win.cc(73)] ReadMemory at 0x23cdde77538 of 944 bytes failed: Only part of a ReadProcessMemory or WriteProcessMemory request was completed. (0x12B)
[1124/153637.122:ERROR:process_memory_win.cc(73)] ReadMemory at 0x23cdde77a48 of 512 bytes failed: Only part of a ReadProcessMemory or WriteProcessMemory request was completed. (0x12B)
[1124/153637.122:ERROR:process_memory_win.cc(73)] ReadMemory at 0x23cdde8a956 of 1424 bytes failed: Only part of a ReadProcessMemory or WriteProcessMemory request was completed. (0x12B)
[1124/153637.122:ERROR:process_memory_win.cc(73)] ReadMemory at 0x23cde145ff0 of 512 bytes failed: Only part of a ReadProcessMemory or WriteProcessMemory request was completed. (0x12B)
[1124/153637.122:ERROR:process_memory_win.cc(73)] ReadMemory at 0x23cde21b710 of 512 bytes failed: Only part of a ReadProcessMemory or WriteProcessMemory request was completed. (0x12B)
[1124/153637.122:ERROR:process_memory_win.cc(73)] ReadMemory at 0x23cde21b990 of 640 bytes failed: Only part of a ReadProcessMemory or WriteProcessMemory request was completed. (0x12B)
[1124/153637.122:ERROR:process_memory_win.cc(73)] ReadMemory at 0x23cde29f7c0 of 512 bytes failed: Only part of a ReadProcessMemory or WriteProcessMemory request was completed. (0x12B)
[1124/153637.122:ERROR:process_memory_win.cc(73)] ReadMemory at 0x584ee6d34430 of 624 bytes failed: Only part of a ReadProcessMemory or WriteProcessMemory request was completed. (0x12B)
[1124/153637.123:ERROR:process_memory_win.cc(73)] ReadMemory at 0x6286084907c4 of 512 bytes failed: Only part of a ReadProcessMemory or WriteProcessMemory request was completed. (0x12B)
[1124/153637.123:ERROR:process_memory_win.cc(73)] ReadMemory at 0x628608967f2c of 512 bytes failed: Only part of a ReadProcessMemory or WriteProcessMemory request was completed. (0x12B)
[1124/153637.123:ERROR:process_memory_win.cc(73)] ReadMemory at 0x7ff8119c57e1 of 512 bytes failed: Only part of a ReadProcessMemory or WriteProcessMemory request was completed. (0x12B)
[1124/153637.123:ERROR:process_memory_win.cc(73)] ReadMemory at 0x7ff813c33fc0 of 512 bytes failed: Only part of a ReadProcessMemory or WriteProcessMemory request was completed. (0x12B)
[1124/153637.123:ERROR:process_memory_win.cc(73)] ReadMemory at 0x7ff816a58119 of 512 bytes failed: Only part of a ReadProcessMemory or WriteProcessMemory request was completed. (0x12B)
[1124/153637.123:ERROR:process_memory_win.cc(73)] ReadMemory at 0x7ff81a700920 of 512 bytes failed: Only part of a ReadProcessMemory or WriteProcessMemory request was completed. (0x12B)
[1124/153637.123:ERROR:process_memory_win.cc(73)] ReadMemory at 0x7ff8b9eba7d9 of 512 bytes failed: Only part of a ReadProcessMemory or WriteProcessMemory request was completed. (0x12B)
[1124/153637.123:ERROR:process_memory_win.cc(73)] ReadMemory at 0x7ff8ba251f80 of 512 bytes failed: Only part of a ReadProcessMemory or WriteProcessMemory request was completed. (0x12B)
[1124/153637.123:ERROR:process_memory_win.cc(73)] ReadMemory at 0x7ff8bc21c0c4 of 672 bytes failed: Only part of a ReadProcessMemory or WriteProcessMemory request was completed. (0x12B)
[1124/153637.123:ERROR:process_memory_win.cc(73)] ReadMemory at 0x7ff8bc21c6c4 of 512 bytes failed: Only part of a ReadProcessMemory or WriteProcessMemory request was completed. (0x12B)
[1124/153637.124:ERROR:process_memory_win.cc(73)] ReadMemory at 0x7ff8bc21f974 of 608 bytes failed: Only part of a ReadProcessMemory or WriteProcessMemory request was completed. (0x12B)
[1124/153637.124:ERROR:process_memory_win.cc(73)] ReadMemory at 0x7ff8bc2ac428 of 18 bytes failed: Only part of a ReadProcessMemory or WriteProcessMemory request was completed. (0x12B)
[1124/153637.124:ERROR:process_memory_win.cc(73)] ReadMemory at 0x7ff8bc2df4f8 of 40 bytes failed: Only part of a ReadProcessMemory or WriteProcessMemory request was completed. (0x12B)
[1124/153637.124:ERROR:process_memory_win.cc(73)] ReadMemory at 0x7ff8bc2df978 of 48 bytes failed: Only part of a ReadProcessMemory or WriteProcessMemory request was completed. (0x12B)
[1124/153637.124:ERROR:process_memory_win.cc(73)] ReadMemory at 0x7ff8bc2e53c0 of 64 bytes failed: Only part of a ReadProcessMemory or WriteProcessMemory request was completed. (0x12B)
[1124/153637.132:ERROR:scoped_process_suspend.cc(40)] NtResumeProcess: An attempt was made to access an exiting process. (0xc000010a)
